<?xml version="1.0" encoding="UTF-8"?>
<!-- Generated by org.testng.reporters.JUnitReportReporter -->
<testsuite skipped="0" hostname="maciek-Lenovo" name="TestCases.LogInDeleteSentMail" tests="1" failures="0" timestamp="6 Dec 2016 18:03:03 GMT" time="4.691" errors="0">
  <testcase name="deleteMails" time="4.691" classname="TestCases.LogInDeleteSentMail"/>
</testsuite> <!-- TestCases.LogInDeleteSentMail -->
