<?xml version="1.0" encoding="UTF-8"?>
<!-- Generated by org.testng.reporters.JUnitReportReporter -->
<testsuite skipped="0" hostname="maciek-Lenovo" name="TestCases.LogIn" tests="1" failures="0" timestamp="4 Dec 2016 11:38:32 GMT" time="2.137" errors="0">
  <testcase name="logIn" time="2.137" classname="TestCases.LogIn"/>
</testsuite> <!-- TestCases.LogIn -->
