<?xml version="1.0" encoding="UTF-8"?>
<!-- Generated by org.testng.reporters.JUnitReportReporter -->
<testsuite skipped="0" hostname="maciek-Lenovo" name="TestCases.LogInLogOut" tests="1" failures="0" timestamp="5 Dec 2016 18:04:07 GMT" time="3.416" errors="0">
  <testcase name="LogOut" time="3.416" classname="TestCases.LogInLogOut"/>
</testsuite> <!-- TestCases.LogInLogOut -->
