<?xml version="1.0" encoding="UTF-8"?>
<!-- Generated by org.testng.reporters.JUnitReportReporter -->
<testsuite skipped="0" hostname="maciek-Lenovo" name="TestCases.LogInSendMail" tests="1" failures="0" timestamp="5 Dec 2016 21:42:26 GMT" time="7.923" errors="0">
  <testcase name="sendMail" time="7.923" classname="TestCases.LogInSendMail"/>
</testsuite> <!-- TestCases.LogInSendMail -->
