<?xml version="1.0" encoding="UTF-8"?>
<!-- Generated by org.testng.reporters.JUnitReportReporter -->
<testsuite skipped="0" hostname="ADMINIB-JIGAGHP" name="TestCases.LogInDeleteSentMail" tests="1" failures="0" timestamp="6 Dec 2016 10:39:51 GMT" time="6.688" errors="0">
  <testcase name="deleteMails" time="6.688" classname="TestCases.LogInDeleteSentMail"/>
</testsuite> <!-- TestCases.LogInDeleteSentMail -->
