<?xml version="1.0" encoding="UTF-8"?>
<!-- Generated by org.testng.reporters.JUnitReportReporter -->
<testsuite skipped="0" hostname="ADMINIB-JIGAGHP" name="TestCases.LogIn" tests="1" failures="0" timestamp="6 Dec 2016 10:13:07 GMT" time="19.531" errors="0">
  <testcase name="logIn" time="19.531" classname="TestCases.LogIn"/>
</testsuite> <!-- TestCases.LogIn -->
